
*** Running vivado
    with args -log top.vds -m64 -product Vivado -mode batch -messageDb vivado.pb -notrace -source top.tcl



****** Vivado v2024.1 (64-bit)
  **** SW Build 5076996 on Wed May 22 18:37:14 MDT 2024
  **** IP Build 5075265 on Wed May 22 21:45:21 MDT 2024
  **** SharedData Build 5076995 on Wed May 22 18:29:18 MDT 2024
  **** Start of session at: Tue Mar 11 19:10:08 2025
    ** Copyright 1986-2022 Xilinx, Inc. All Rights Reserved.
    ** Copyright 2022-2024 Advanced Micro Devices, Inc. All Rights Reserved.

source top.tcl -notrace
create_project: Time (s): cpu = 00:00:21 ; elapsed = 00:00:23 . Memory (MB): peak = 515.172 ; gain = 237.371
Command: read_checkpoint -auto_incremental -incremental {C:/Users/admin/Desktop/Arquitectura de Computadoras/soluciones/uart_rx/uart_rx.srcs/utils_1/imports/synth_1/top.dcp}
INFO: [Vivado 12-5825] Read reference checkpoint from C:/Users/admin/Desktop/Arquitectura de Computadoras/soluciones/uart_rx/uart_rx.srcs/utils_1/imports/synth_1/top.dcp for incremental synthesis
INFO: [Vivado 12-7989] Please ensure there are no constraint changes
Command: synth_design -top top -part xc7a35tcpg236-1
Starting synth_design
Attempting to get a license for feature 'Synthesis' and/or device 'xc7a35t'
INFO: [Common 17-349] Got license for feature 'Synthesis' and/or device 'xc7a35t'
INFO: [Device 21-403] Loading part xc7a35tcpg236-1
INFO: [Device 21-9227] Part: xc7a35tcpg236-1 does not have CEAM library.
INFO: [Designutils 20-5440] No compile time benefit to using incremental synthesis; A full resynthesis will be run
INFO: [Designutils 20-4379] Flow is switching to default flow due to incremental criteria not met. If you would like to alter this behaviour and have the flow terminate instead, please set the following parameter config_implementation {autoIncr.Synth.RejectBehavior Terminate}
INFO: [Synth 8-7079] Multithreading enabled for synth_design using a maximum of 2 processes.
INFO: [Synth 8-7078] Launching helper process for spawning children vivado processes
INFO: [Synth 8-7075] Helper process launched with PID 8380
---------------------------------------------------------------------------------
Starting RTL Elaboration : Time (s): cpu = 00:00:14 ; elapsed = 00:00:15 . Memory (MB): peak = 1365.039 ; gain = 449.359
---------------------------------------------------------------------------------
INFO: [Synth 8-11241] undeclared symbol 'tx_done_tick', assumed default net type 'wire' [C:/Users/admin/Desktop/Arquitectura de Computadoras/soluciones/uart_rx/uart_rx.srcs/sources_1/new/top.v:91]
INFO: [Synth 8-11241] undeclared symbol 'tx_empty', assumed default net type 'wire' [C:/Users/admin/Desktop/Arquitectura de Computadoras/soluciones/uart_rx/uart_rx.srcs/sources_1/new/top.v:92]
INFO: [Synth 8-11241] undeclared symbol 'tx_fifo_out', assumed default net type 'wire' [C:/Users/admin/Desktop/Arquitectura de Computadoras/soluciones/uart_rx/uart_rx.srcs/sources_1/new/top.v:93]
INFO: [Synth 8-11241] undeclared symbol 'tx_fifo_not_empty', assumed default net type 'wire' [C:/Users/admin/Desktop/Arquitectura de Computadoras/soluciones/uart_rx/uart_rx.srcs/sources_1/new/top.v:96]
INFO: [Synth 8-6157] synthesizing module 'top' [C:/Users/admin/Desktop/Arquitectura de Computadoras/soluciones/uart_rx/uart_rx.srcs/sources_1/new/top.v:3]
INFO: [Synth 8-6157] synthesizing module 'debounce' [C:/Users/admin/Desktop/Arquitectura de Computadoras/soluciones/uart_rx/uart_rx.srcs/sources_1/new/debounce.v:3]
INFO: [Synth 8-226] default block is never used [C:/Users/admin/Desktop/Arquitectura de Computadoras/soluciones/uart_rx/uart_rx.srcs/sources_1/new/debounce.v:39]
INFO: [Synth 8-6155] done synthesizing module 'debounce' (0#1) [C:/Users/admin/Desktop/Arquitectura de Computadoras/soluciones/uart_rx/uart_rx.srcs/sources_1/new/debounce.v:3]
INFO: [Synth 8-6157] synthesizing module 'mod_m_counter' [C:/Users/admin/Desktop/Arquitectura de Computadoras/soluciones/uart_rx/uart_rx.srcs/sources_1/new/mod_m_counter.v:1]
	Parameter N bound to: 10 - type: integer 
	Parameter M bound to: 325 - type: integer 
INFO: [Synth 8-6155] done synthesizing module 'mod_m_counter' (0#1) [C:/Users/admin/Desktop/Arquitectura de Computadoras/soluciones/uart_rx/uart_rx.srcs/sources_1/new/mod_m_counter.v:1]
INFO: [Synth 8-6157] synthesizing module 'uart_rx' [C:/Users/admin/Desktop/Arquitectura de Computadoras/soluciones/uart_rx/uart_rx.srcs/sources_1/new/uart_rx.v:2]
	Parameter DBIT bound to: 8 - type: integer 
	Parameter SB_TICK bound to: 16 - type: integer 
INFO: [Synth 8-6155] done synthesizing module 'uart_rx' (0#1) [C:/Users/admin/Desktop/Arquitectura de Computadoras/soluciones/uart_rx/uart_rx.srcs/sources_1/new/uart_rx.v:2]
INFO: [Synth 8-6157] synthesizing module 'fifo' [C:/Users/admin/Desktop/Arquitectura de Computadoras/soluciones/uart_rx/uart_rx.srcs/sources_1/new/fifo.v:2]
	Parameter B bound to: 8 - type: integer 
	Parameter W bound to: 4 - type: integer 
INFO: [Synth 8-155] case statement is not full and has no default [C:/Users/admin/Desktop/Arquitectura de Computadoras/soluciones/uart_rx/uart_rx.srcs/sources_1/new/fifo.v:64]
INFO: [Synth 8-6155] done synthesizing module 'fifo' (0#1) [C:/Users/admin/Desktop/Arquitectura de Computadoras/soluciones/uart_rx/uart_rx.srcs/sources_1/new/fifo.v:2]
INFO: [Synth 8-155] case statement is not full and has no default [C:/Users/admin/Desktop/Arquitectura de Computadoras/soluciones/uart_rx/uart_rx.srcs/sources_1/new/top.v:73]
INFO: [Synth 8-6157] synthesizing module 'alu' [C:/Users/admin/Desktop/Arquitectura de Computadoras/soluciones/uart_rx/uart_rx.srcs/sources_1/new/alu.v:3]
INFO: [Synth 8-6155] done synthesizing module 'alu' (0#1) [C:/Users/admin/Desktop/Arquitectura de Computadoras/soluciones/uart_rx/uart_rx.srcs/sources_1/new/alu.v:3]
WARNING: [Synth 8-689] width (1) of port connection 'r_data' does not match port width (8) of module 'fifo' [C:/Users/admin/Desktop/Arquitectura de Computadoras/soluciones/uart_rx/uart_rx.srcs/sources_1/new/top.v:93]
INFO: [Synth 8-6157] synthesizing module 'uart_tx' [C:/Users/admin/Desktop/Arquitectura de Computadoras/soluciones/uart_rx/uart_rx.srcs/sources_1/new/uart_tx.v:2]
	Parameter DBIT bound to: 8 - type: integer 
	Parameter SB_TICK bound to: 16 - type: integer 
INFO: [Synth 8-6155] done synthesizing module 'uart_tx' (0#1) [C:/Users/admin/Desktop/Arquitectura de Computadoras/soluciones/uart_rx/uart_rx.srcs/sources_1/new/uart_tx.v:2]
WARNING: [Synth 8-689] width (1) of port connection 'din' does not match port width (8) of module 'uart_tx' [C:/Users/admin/Desktop/Arquitectura de Computadoras/soluciones/uart_rx/uart_rx.srcs/sources_1/new/top.v:97]
INFO: [Synth 8-6155] done synthesizing module 'top' (0#1) [C:/Users/admin/Desktop/Arquitectura de Computadoras/soluciones/uart_rx/uart_rx.srcs/sources_1/new/top.v:3]
---------------------------------------------------------------------------------
Finished RTL Elaboration : Time (s): cpu = 00:00:18 ; elapsed = 00:00:20 . Memory (MB): peak = 1478.117 ; gain = 562.438
---------------------------------------------------------------------------------
---------------------------------------------------------------------------------
Start Handling Custom Attributes
---------------------------------------------------------------------------------
---------------------------------------------------------------------------------
Finished Handling Custom Attributes : Time (s): cpu = 00:00:19 ; elapsed = 00:00:21 . Memory (MB): peak = 1478.117 ; gain = 562.438
---------------------------------------------------------------------------------
---------------------------------------------------------------------------------
Finished RTL Optimization Phase 1 : Time (s): cpu = 00:00:19 ; elapsed = 00:00:21 . Memory (MB): peak = 1478.117 ; gain = 562.438
---------------------------------------------------------------------------------
Netlist sorting complete. Time (s): cpu = 00:00:00 ; elapsed = 00:00:00.011 . Memory (MB): peak = 1478.117 ; gain = 0.000
INFO: [Project 1-570] Preparing netlist for logic optimization

Processing XDC Constraints
Initializing timing engine
Parsing XDC File [C:/Users/admin/Desktop/Arquitectura de Computadoras/soluciones/uart_rx/uart_rx.srcs/constrs_1/new/top.xdc]
Finished Parsing XDC File [C:/Users/admin/Desktop/Arquitectura de Computadoras/soluciones/uart_rx/uart_rx.srcs/constrs_1/new/top.xdc]
INFO: [Project 1-236] Implementation specific constraints were found while reading constraint file [C:/Users/admin/Desktop/Arquitectura de Computadoras/soluciones/uart_rx/uart_rx.srcs/constrs_1/new/top.xdc]. These constraints will be ignored for synthesis but will be used in implementation. Impacted constraints are listed in the file [.Xil/top_propImpl.xdc].
Resolution: To avoid this warning, move constraints listed in [.Xil/top_propImpl.xdc] to another XDC file and exclude this new file from synthesis with the used_in_synthesis property (File Properties dialog in GUI) and re-run elaboration/synthesis.
Completed Processing XDC Constraints

Netlist sorting complete. Time (s): cpu = 00:00:00 ; elapsed = 00:00:00 . Memory (MB): peak = 1579.391 ; gain = 0.000
INFO: [Project 1-111] Unisim Transformation Summary:
No Unisim elements were transformed.

Constraint Validation Runtime : Time (s): cpu = 00:00:00 ; elapsed = 00:00:00.007 . Memory (MB): peak = 1579.391 ; gain = 0.000
INFO: [Designutils 20-5440] No compile time benefit to using incremental synthesis; A full resynthesis will be run
INFO: [Designutils 20-4379] Flow is switching to default flow due to incremental criteria not met. If you would like to alter this behaviour and have the flow terminate instead, please set the following parameter config_implementation {autoIncr.Synth.RejectBehavior Terminate}

*** Running vivado
    with args -log top.vds -m64 -product Vivado -mode batch -messageDb vivado.pb -notrace -source top.tcl



****** Vivado v2024.1 (64-bit)
  **** SW Build 5076996 on Wed May 22 18:37:14 MDT 2024
  **** IP Build 5075265 on Wed May 22 21:45:21 MDT 2024
  **** SharedData Build 5076995 on Wed May 22 18:29:18 MDT 2024
  **** Start of session at: Tue Mar 11 19:11:53 2025
    ** Copyright 1986-2022 Xilinx, Inc. All Rights Reserved.
    ** Copyright 2022-2024 Advanced Micro Devices, Inc. All Rights Reserved.

source top.tcl -notrace
create_project: Time (s): cpu = 00:00:22 ; elapsed = 00:00:26 . Memory (MB): peak = 515.500 ; gain = 237.512
Command: read_checkpoint -auto_incremental -incremental {C:/Users/admin/Desktop/Arquitectura de Computadoras/soluciones/uart_rx/uart_rx.srcs/utils_1/imports/synth_1/top.dcp}
INFO: [Vivado 12-5825] Read reference checkpoint from C:/Users/admin/Desktop/Arquitectura de Computadoras/soluciones/uart_rx/uart_rx.srcs/utils_1/imports/synth_1/top.dcp for incremental synthesis
INFO: [Vivado 12-7989] Please ensure there are no constraint changes
Command: synth_design -top top -part xc7a35tcpg236-1
Starting synth_design
Attempting to get a license for feature 'Synthesis' and/or device 'xc7a35t'
INFO: [Common 17-349] Got license for feature 'Synthesis' and/or device 'xc7a35t'
INFO: [Device 21-403] Loading part xc7a35tcpg236-1
INFO: [Device 21-9227] Part: xc7a35tcpg236-1 does not have CEAM library.
INFO: [Designutils 20-5440] No compile time benefit to using incremental synthesis; A full resynthesis will be run
INFO: [Designutils 20-4379] Flow is switching to default flow due to incremental criteria not met. If you would like to alter this behaviour and have the flow terminate instead, please set the following parameter config_implementation {autoIncr.Synth.RejectBehavior Terminate}
INFO: [Synth 8-7079] Multithreading enabled for synth_design using a maximum of 2 processes.
INFO: [Synth 8-7078] Launching helper process for spawning children vivado processes
INFO: [Synth 8-7075] Helper process launched with PID 8076
---------------------------------------------------------------------------------
Starting RTL Elaboration : Time (s): cpu = 00:00:14 ; elapsed = 00:00:16 . Memory (MB): peak = 1365.984 ; gain = 450.113
---------------------------------------------------------------------------------
INFO: [Synth 8-6157] synthesizing module 'top' [C:/Users/admin/Desktop/Arquitectura de Computadoras/soluciones/uart_rx/uart_rx.srcs/sources_1/new/top.v:3]
INFO: [Synth 8-6157] synthesizing module 'debounce' [C:/Users/admin/Desktop/Arquitectura de Computadoras/soluciones/uart_rx/uart_rx.srcs/sources_1/new/debounce.v:3]
INFO: [Synth 8-226] default block is never used [C:/Users/admin/Desktop/Arquitectura de Computadoras/soluciones/uart_rx/uart_rx.srcs/sources_1/new/debounce.v:39]
INFO: [Synth 8-6155] done synthesizing module 'debounce' (0#1) [C:/Users/admin/Desktop/Arquitectura de Computadoras/soluciones/uart_rx/uart_rx.srcs/sources_1/new/debounce.v:3]
INFO: [Synth 8-6157] synthesizing module 'mod_m_counter' [C:/Users/admin/Desktop/Arquitectura de Computadoras/soluciones/uart_rx/uart_rx.srcs/sources_1/new/mod_m_counter.v:1]
	Parameter N bound to: 10 - type: integer 
	Parameter M bound to: 325 - type: integer 
INFO: [Synth 8-6155] done synthesizing module 'mod_m_counter' (0#1) [C:/Users/admin/Desktop/Arquitectura de Computadoras/soluciones/uart_rx/uart_rx.srcs/sources_1/new/mod_m_counter.v:1]
INFO: [Synth 8-6157] synthesizing module 'uart_rx' [C:/Users/admin/Desktop/Arquitectura de Computadoras/soluciones/uart_rx/uart_rx.srcs/sources_1/new/uart_rx.v:2]
	Parameter DBIT bound to: 8 - type: integer 
	Parameter SB_TICK bound to: 16 - type: integer 
INFO: [Synth 8-6155] done synthesizing module 'uart_rx' (0#1) [C:/Users/admin/Desktop/Arquitectura de Computadoras/soluciones/uart_rx/uart_rx.srcs/sources_1/new/uart_rx.v:2]
INFO: [Synth 8-6157] synthesizing module 'fifo' [C:/Users/admin/Desktop/Arquitectura de Computadoras/soluciones/uart_rx/uart_rx.srcs/sources_1/new/fifo.v:2]
	Parameter B bound to: 8 - type: integer 
	Parameter W bound to: 4 - type: integer 
INFO: [Synth 8-155] case statement is not full and has no default [C:/Users/admin/Desktop/Arquitectura de Computadoras/soluciones/uart_rx/uart_rx.srcs/sources_1/new/fifo.v:64]
INFO: [Synth 8-6155] done synthesizing module 'fifo' (0#1) [C:/Users/admin/Desktop/Arquitectura de Computadoras/soluciones/uart_rx/uart_rx.srcs/sources_1/new/fifo.v:2]
INFO: [Synth 8-155] case statement is not full and has no default [C:/Users/admin/Desktop/Arquitectura de Computadoras/soluciones/uart_rx/uart_rx.srcs/sources_1/new/top.v:77]
INFO: [Synth 8-6157] synthesizing module 'alu' [C:/Users/admin/Desktop/Arquitectura de Computadoras/soluciones/uart_rx/uart_rx.srcs/sources_1/new/alu.v:3]
INFO: [Synth 8-6155] done synthesizing module 'alu' (0#1) [C:/Users/admin/Desktop/Arquitectura de Computadoras/soluciones/uart_rx/uart_rx.srcs/sources_1/new/alu.v:3]
INFO: [Synth 8-6157] synthesizing module 'uart_tx' [C:/Users/admin/Desktop/Arquitectura de Computadoras/soluciones/uart_rx/uart_rx.srcs/sources_1/new/uart_tx.v:2]
	Parameter DBIT bound to: 8 - type: integer 
	Parameter SB_TICK bound to: 16 - type: integer 
INFO: [Synth 8-6155] done synthesizing module 'uart_tx' (0#1) [C:/Users/admin/Desktop/Arquitectura de Computadoras/soluciones/uart_rx/uart_rx.srcs/sources_1/new/uart_tx.v:2]
INFO: [Synth 8-6155] done synthesizing module 'top' (0#1) [C:/Users/admin/Desktop/Arquitectura de Computadoras/soluciones/uart_rx/uart_rx.srcs/sources_1/new/top.v:3]
---------------------------------------------------------------------------------
Finished RTL Elaboration : Time (s): cpu = 00:00:18 ; elapsed = 00:00:21 . Memory (MB): peak = 1478.375 ; gain = 562.504
---------------------------------------------------------------------------------
---------------------------------------------------------------------------------
Start Handling Custom Attributes
---------------------------------------------------------------------------------
---------------------------------------------------------------------------------
Finished Handling Custom Attributes : Time (s): cpu = 00:00:18 ; elapsed = 00:00:21 . Memory (MB): peak = 1478.375 ; gain = 562.504
---------------------------------------------------------------------------------
---------------------------------------------------------------------------------
Finished RTL Optimization Phase 1 : Time (s): cpu = 00:00:18 ; elapsed = 00:00:21 . Memory (MB): peak = 1478.375 ; gain = 562.504
---------------------------------------------------------------------------------
Netlist sorting complete. Time (s): cpu = 00:00:00 ; elapsed = 00:00:00.009 . Memory (MB): peak = 1478.375 ; gain = 0.000
INFO: [Project 1-570] Preparing netlist for logic optimization

Processing XDC Constraints
Initializing timing engine
Parsing XDC File [C:/Users/admin/Desktop/Arquitectura de Computadoras/soluciones/uart_rx/uart_rx.srcs/constrs_1/new/top.xdc]
Finished Parsing XDC File [C:/Users/admin/Desktop/Arquitectura de Computadoras/soluciones/uart_rx/uart_rx.srcs/constrs_1/new/top.xdc]
INFO: [Project 1-236] Implementation specific constraints were found while reading constraint file [C:/Users/admin/Desktop/Arquitectura de Computadoras/soluciones/uart_rx/uart_rx.srcs/constrs_1/new/top.xdc]. These constraints will be ignored for synthesis but will be used in implementation. Impacted constraints are listed in the file [.Xil/top_propImpl.xdc].
Resolution: To avoid this warning, move constraints listed in [.Xil/top_propImpl.xdc] to another XDC file and exclude this new file from synthesis with the used_in_synthesis property (File Properties dialog in GUI) and re-run elaboration/synthesis.
Completed Processing XDC Constraints

Netlist sorting complete. Time (s): cpu = 00:00:00 ; elapsed = 00:00:00 . Memory (MB): peak = 1515.605 ; gain = 0.000
INFO: [Project 1-111] Unisim Transformation Summary:
No Unisim elements were transformed.

Constraint Validation Runtime : Time (s): cpu = 00:00:00 ; elapsed = 00:00:00.007 . Memory (MB): peak = 1515.605 ; gain = 0.000
INFO: [Designutils 20-5440] No compile time benefit to using incremental synthesis; A full resynthesis will be run
INFO: [Designutils 20-4379] Flow is switching to default flow due to incremental criteria not met. If you would like to alter this behaviour and have the flow terminate instead, please set the following parameter config_implementation {autoIncr.Synth.RejectBehavior Terminate}
---------------------------------------------------------------------------------
Finished Constraint Validation : Time (s): cpu = 00:00:36 ; elapsed = 00:00:40 . Memory (MB): peak = 1515.605 ; gain = 599.734
---------------------------------------------------------------------------------
---------------------------------------------------------------------------------
Start Loading Part and Timing Information
---------------------------------------------------------------------------------
Loading part: xc7a35tcpg236-1
---------------------------------------------------------------------------------
Finished Loading Part and Timing Information : Time (s): cpu = 00:00:36 ; elapsed = 00:00:40 . Memory (MB): peak = 1515.605 ; gain = 599.734
---------------------------------------------------------------------------------
---------------------------------------------------------------------------------
Start Applying 'set_property' XDC Constraints
---------------------------------------------------------------------------------
---------------------------------------------------------------------------------
Finished applying 'set_property' XDC Constraints : Time (s): cpu = 00:00:37 ; elapsed = 00:00:40 . Memory (MB): peak = 1515.605 ; gain = 599.734
---------------------------------------------------------------------------------
INFO: [Synth 8-802] inferred FSM for state register 'state_reg_reg' in module 'debounce'
INFO: [Synth 8-802] inferred FSM for state register 'state_reg_reg' in module 'uart_rx'
INFO: [Synth 8-802] inferred FSM for state register 'state_reg_reg' in module 'uart_tx'
---------------------------------------------------------------------------------------------------
                   State |                     New Encoding |                Previous Encoding 
---------------------------------------------------------------------------------------------------
                    zero |                               00 |                               00
                   wait1 |                               01 |                               11
                     one |                               10 |                               10
                   wait0 |                               11 |                               01
---------------------------------------------------------------------------------------------------
INFO: [Synth 8-3354] encoded FSM with state register 'state_reg_reg' using encoding 'sequential' in module 'debounce'
---------------------------------------------------------------------------------------------------
                   State |                     New Encoding |                Previous Encoding 
---------------------------------------------------------------------------------------------------
                    idle |                               00 |                               00
                   start |                               01 |                               01
                    data |                               10 |                               10
                    stop |                               11 |                               11
---------------------------------------------------------------------------------------------------
INFO: [Synth 8-3354] encoded FSM with state register 'state_reg_reg' using encoding 'sequential' in module 'uart_rx'
---------------------------------------------------------------------------------------------------
                   State |                     New Encoding |                Previous Encoding 
---------------------------------------------------------------------------------------------------
                    idle |                               00 |                               00
                   start |                               01 |                               01
                    data |                               10 |                               10
                    stop |                               11 |                               11
---------------------------------------------------------------------------------------------------
INFO: [Synth 8-3354] encoded FSM with state register 'state_reg_reg' using encoding 'sequential' in module 'uart_tx'
---------------------------------------------------------------------------------
Finished RTL Optimization Phase 2 : Time (s): cpu = 00:00:37 ; elapsed = 00:00:41 . Memory (MB): peak = 1515.605 ; gain = 599.734
---------------------------------------------------------------------------------
---------------------------------------------------------------------------------
Start RTL Component Statistics 
---------------------------------------------------------------------------------
Detailed RTL Component Info : 
+---Adders : 
	   2 Input   20 Bit       Adders := 2     
	   2 Input   10 Bit       Adders := 1     
	   2 Input    8 Bit       Adders := 1     
	   3 Input    8 Bit       Adders := 1     
	   2 Input    4 Bit       Adders := 10    
	   2 Input    3 Bit       Adders := 2     
+---XORs : 
	   2 Input      8 Bit         XORs := 1     
+---Registers : 
	               20 Bit    Registers := 2     
	               10 Bit    Registers := 1     
	                8 Bit    Registers := 6     
	                4 Bit    Registers := 6     
	                3 Bit    Registers := 2     
	                1 Bit    Registers := 5     
+---RAMs : 
	              128 Bit	(16 X 8 bit)          RAMs := 2     
+---Muxes : 
	   4 Input   20 Bit        Muxes := 2     
	   2 Input    8 Bit        Muxes := 1     
	   4 Input    8 Bit        Muxes := 1     
	   2 Input    4 Bit        Muxes := 3     
	   4 Input    4 Bit        Muxes := 2     
	   4 Input    3 Bit        Muxes := 2     
	   4 Input    2 Bit        Muxes := 4     
	   2 Input    2 Bit        Muxes := 9     
	   2 Input    1 Bit        Muxes := 19    
	   4 Input    1 Bit        Muxes := 34    
---------------------------------------------------------------------------------
Finished RTL Component Statistics 
---------------------------------------------------------------------------------
---------------------------------------------------------------------------------
Start Part Resource Summary
---------------------------------------------------------------------------------
Part Resources:
DSPs: 90 (col length:60)
BRAMs: 100 (col length: RAMB18 60 RAMB36 30)
---------------------------------------------------------------------------------
Finished Part Resource Summary
---------------------------------------------------------------------------------
---------------------------------------------------------------------------------
Start Cross Boundary and Area Optimization
---------------------------------------------------------------------------------
WARNING: [Synth 8-7080] Parallel synthesis criteria is not met
---------------------------------------------------------------------------------
Finished Cross Boundary and Area Optimization : Time (s): cpu = 00:00:44 ; elapsed = 00:00:49 . Memory (MB): peak = 1515.605 ; gain = 599.734
---------------------------------------------------------------------------------
---------------------------------------------------------------------------------
Start ROM, RAM, DSP, Shift Register and Retiming Reporting
---------------------------------------------------------------------------------

Distributed RAM: Preliminary Mapping Report (see note below)
+------------+----------------------------+-----------+----------------------+-------------+
|Module Name | RTL Object                 | Inference | Size (Depth x Width) | Primitives  | 
+------------+----------------------------+-----------+----------------------+-------------+
|top         | fifo_rx_unit/array_reg_reg | Implied   | 16 x 8               | RAM32M x 2  | 
|top         | fifo_tx_unit/array_reg_reg | Implied   | 16 x 8               | RAM32M x 2  | 
+------------+----------------------------+-----------+----------------------+-------------+

Note: The table above is a preliminary report that shows the Distributed RAMs at the current stage of the synthesis flow. Some Distributed RAMs may be reimplemented as non Distributed RAM primitives later in the synthesis flow. Multiple instantiated RAMs are reported only once.
---------------------------------------------------------------------------------
Finished ROM, RAM, DSP, Shift Register and Retiming Reporting
---------------------------------------------------------------------------------
---------------------------------------------------------------------------------
Start Applying XDC Timing Constraints
---------------------------------------------------------------------------------
---------------------------------------------------------------------------------
Finished Applying XDC Timing Constraints : Time (s): cpu = 00:01:00 ; elapsed = 00:01:06 . Memory (MB): peak = 1515.605 ; gain = 599.734
---------------------------------------------------------------------------------
---------------------------------------------------------------------------------
Start Timing Optimization
---------------------------------------------------------------------------------
---------------------------------------------------------------------------------
Finished Timing Optimization : Time (s): cpu = 00:01:02 ; elapsed = 00:01:07 . Memory (MB): peak = 1515.605 ; gain = 599.734
---------------------------------------------------------------------------------
---------------------------------------------------------------------------------
Start ROM, RAM, DSP, Shift Register and Retiming Reporting
---------------------------------------------------------------------------------

Distributed RAM: Final Mapping Report
+------------+----------------------------+-----------+----------------------+-------------+
|Module Name | RTL Object                 | Inference | Size (Depth x Width) | Primitives  | 
+------------+----------------------------+-----------+----------------------+-------------+
|top         | fifo_rx_unit/array_reg_reg | Implied   | 16 x 8               | RAM32M x 2  | 
|top         | fifo_tx_unit/array_reg_reg | Implied   | 16 x 8               | RAM32M x 2  | 
+------------+----------------------------+-----------+----------------------+-------------+

---------------------------------------------------------------------------------
Finished ROM, RAM, DSP, Shift Register and Retiming Reporting
---------------------------------------------------------------------------------
---------------------------------------------------------------------------------
Start Technology Mapping
---------------------------------------------------------------------------------
---------------------------------------------------------------------------------
Finished Technology Mapping : Time (s): cpu = 00:01:02 ; elapsed = 00:01:07 . Memory (MB): peak = 1515.605 ; gain = 599.734
---------------------------------------------------------------------------------
---------------------------------------------------------------------------------
Start IO Insertion
---------------------------------------------------------------------------------
---------------------------------------------------------------------------------
Start Flattening Before IO Insertion
---------------------------------------------------------------------------------
---------------------------------------------------------------------------------
Finished Flattening Before IO Insertion
---------------------------------------------------------------------------------
---------------------------------------------------------------------------------
Start Final Netlist Cleanup
---------------------------------------------------------------------------------
---------------------------------------------------------------------------------
Finished Final Netlist Cleanup
---------------------------------------------------------------------------------
---------------------------------------------------------------------------------
Finished IO Insertion : Time (s): cpu = 00:01:14 ; elapsed = 00:01:20 . Memory (MB): peak = 1515.605 ; gain = 599.734
---------------------------------------------------------------------------------
---------------------------------------------------------------------------------
Start Renaming Generated Instances
---------------------------------------------------------------------------------
---------------------------------------------------------------------------------
Finished Renaming Generated Instances : Time (s): cpu = 00:01:14 ; elapsed = 00:01:20 . Memory (MB): peak = 1515.605 ; gain = 599.734
---------------------------------------------------------------------------------
---------------------------------------------------------------------------------
Start Rebuilding User Hierarchy
---------------------------------------------------------------------------------
---------------------------------------------------------------------------------
Finished Rebuilding User Hierarchy : Time (s): cpu = 00:01:15 ; elapsed = 00:01:20 . Memory (MB): peak = 1515.605 ; gain = 599.734
---------------------------------------------------------------------------------
---------------------------------------------------------------------------------
Start Renaming Generated Ports
---------------------------------------------------------------------------------
---------------------------------------------------------------------------------
Finished Renaming Generated Ports : Time (s): cpu = 00:01:15 ; elapsed = 00:01:20 . Memory (MB): peak = 1515.605 ; gain = 599.734
---------------------------------------------------------------------------------
---------------------------------------------------------------------------------
Start Handling Custom Attributes
---------------------------------------------------------------------------------
---------------------------------------------------------------------------------
Finished Handling Custom Attributes : Time (s): cpu = 00:01:15 ; elapsed = 00:01:20 . Memory (MB): peak = 1515.605 ; gain = 599.734
---------------------------------------------------------------------------------
---------------------------------------------------------------------------------
Start Renaming Generated Nets
---------------------------------------------------------------------------------
---------------------------------------------------------------------------------
Finished Renaming Generated Nets : Time (s): cpu = 00:01:15 ; elapsed = 00:01:20 . Memory (MB): peak = 1515.605 ; gain = 599.734
---------------------------------------------------------------------------------
---------------------------------------------------------------------------------
Start Writing Synthesis Report
---------------------------------------------------------------------------------

Report BlackBoxes: 
+-+--------------+----------+
| |BlackBox name |Instances |
+-+--------------+----------+
+-+--------------+----------+

Report Cell Usage: 
+------+---------+------+
|      |Cell     |Count |
+------+---------+------+
|1     |BUFG     |     1|
|2     |CARRY4   |    14|
|3     |LUT1     |    43|
|4     |LUT2     |    74|
|5     |LUT3     |    26|
|6     |LUT4     |    20|
|7     |LUT5     |    45|
|8     |LUT6     |    75|
|9     |RAM32M   |     2|
|10    |RAM32X1D |     4|
|11    |FDCE     |    76|
|12    |FDRE     |    62|
|13    |FDSE     |     3|
|14    |IBUF     |     5|
|15    |OBUF     |    19|
+------+---------+------+
---------------------------------------------------------------------------------
Finished Writing Synthesis Report : Time (s): cpu = 00:01:15 ; elapsed = 00:01:20 . Memory (MB): peak = 1515.605 ; gain = 599.734
---------------------------------------------------------------------------------
Synthesis finished with 0 errors, 0 critical warnings and 1 warnings.
Synthesis Optimization Runtime : Time (s): cpu = 00:00:52 ; elapsed = 00:01:16 . Memory (MB): peak = 1515.605 ; gain = 562.504
Synthesis Optimization Complete : Time (s): cpu = 00:01:15 ; elapsed = 00:01:21 . Memory (MB): peak = 1515.605 ; gain = 599.734
INFO: [Project 1-571] Translating synthesized netlist
Netlist sorting complete. Time (s): cpu = 00:00:00 ; elapsed = 00:00:00.010 . Memory (MB): peak = 1515.605 ; gain = 0.000
INFO: [Netlist 29-17] Analyzing 20 Unisim elements for replacement
INFO: [Netlist 29-28] Unisim Transformation completed in 0 CPU seconds
INFO: [Project 1-570] Preparing netlist for logic optimization
INFO: [Opt 31-138] Pushed 0 inverter(s) to 0 load pin(s).
Netlist sorting complete. Time (s): cpu = 00:00:00 ; elapsed = 00:00:00 . Memory (MB): peak = 1515.605 ; gain = 0.000
INFO: [Project 1-111] Unisim Transformation Summary:
  A total of 6 instances were transformed.
  RAM32M => RAM32M (RAMD32(x6), RAMS32(x2)): 2 instances
  RAM32X1D => RAM32X1D (RAMD32(x2)): 4 instances

Synth Design complete | Checksum: c9ab5bd3
INFO: [Common 17-83] Releasing license: Synthesis
45 Infos, 1 Warnings, 0 Critical Warnings and 0 Errors encountered.
synth_design completed successfully
synth_design: Time (s): cpu = 00:01:28 ; elapsed = 00:01:37 . Memory (MB): peak = 1515.605 ; gain = 995.594
Write ShapeDB Complete: Time (s): cpu = 00:00:00 ; elapsed = 00:00:00.006 . Memory (MB): peak = 1515.605 ; gain = 0.000
INFO: [Common 17-1381] The checkpoint 'C:/Users/admin/Desktop/Arquitectura de Computadoras/soluciones/uart_rx/uart_rx.runs/synth_1/top.dcp' has been generated.
INFO: [Vivado 12-24828] Executing command : report_utilization -file top_utilization_synth.rpt -pb top_utilization_synth.pb
INFO: [Common 17-206] Exiting Vivado at Tue Mar 11 19:14:04 2025...
